23:30:26.982 [HikariPool-1 housekeeper] DEBUG com.zaxxer.hikari.pool.HikariPool [com.zaxxer.hikari.pool.HikariPool] [logPoolState] [414] HikariPool-1 - Pool stats (total=10, active=0, idle=10, waiting=0) 
23:30:26.992 [HikariPool-1 housekeeper] DEBUG com.zaxxer.hikari.pool.HikariPool [com.zaxxer.hikari.pool.HikariPool] [fillPool] [521] HikariPool-1 - Fill pool skipped, pool has sufficient level or currently being filled (queueDepth=0). 
23:30:52.642 [SpringApplicationShutdownHook] DEBUG o.s.b.a.ApplicationAvailabilityBean [org.springframework.boot.availability.ApplicationAvailabilityBean] [onApplicationEvent] [77] Application availability state ReadinessState changed from ACCEPTING_TRAFFIC to REFUSING_TRAFFIC 
23:30:52.648 [SpringApplicationShutdownHook] DEBUG o.s.b.w.s.c.AnnotationConfigServletWebServerApplicationContext [org.springframework.context.support.AbstractApplicationContext] [doClose] [1122] Closing org.springframework.boot.web.servlet.context.AnnotationConfigServletWebServerApplicationContext@2756c0a7, started on Sun Feb 04 23:23:24 KST 2024 
23:30:52.689 [SpringApplicationShutdownHook] DEBUG o.s.c.s.DefaultLifecycleProcessor [org.springframework.context.support.DefaultLifecycleProcessor$LifecycleGroup] [stop] [476] Stopping beans in phase 2147483647 
23:30:52.691 [SpringApplicationShutdownHook] DEBUG o.s.c.s.DefaultLifecycleProcessor [org.springframework.context.support.DefaultLifecycleProcessor$LifecycleGroup] [stop] [476] Stopping beans in phase 2147482623 
23:30:52.698 [SpringApplicationShutdownHook] DEBUG o.s.c.s.DefaultLifecycleProcessor [org.springframework.context.support.DefaultLifecycleProcessor] [lambda$doStop$4] [348] Bean 'webServerGracefulShutdown' completed its stop procedure 
23:30:52.699 [SpringApplicationShutdownHook] DEBUG o.s.c.s.DefaultLifecycleProcessor [org.springframework.context.support.DefaultLifecycleProcessor$LifecycleGroup] [stop] [476] Stopping beans in phase 2147481599 
23:30:52.739 [SpringApplicationShutdownHook] DEBUG o.s.c.s.DefaultLifecycleProcessor [org.springframework.context.support.DefaultLifecycleProcessor] [lambda$doStop$4] [348] Bean 'webServerStartStop' completed its stop procedure 
23:30:52.740 [SpringApplicationShutdownHook] DEBUG o.s.c.s.DefaultLifecycleProcessor [org.springframework.context.support.DefaultLifecycleProcessor$LifecycleGroup] [stop] [476] Stopping beans in phase 0 
23:30:52.749 [SpringApplicationShutdownHook] DEBUG o.s.c.s.DefaultLifecycleProcessor [org.springframework.context.support.DefaultLifecycleProcessor$LifecycleGroup] [stop] [476] Stopping beans in phase -2147483647 
23:30:52.750 [SpringApplicationShutdownHook] DEBUG o.s.c.s.DefaultLifecycleProcessor [org.springframework.context.support.DefaultLifecycleProcessor] [lambda$doStop$4] [348] Bean 'springBootLoggingLifecycle' completed its stop procedure 
23:30:52.750 [SpringApplicationShutdownHook] DEBUG o.s.c.s.DefaultLifecycleProcessor [org.springframework.context.support.DefaultLifecycleProcessor$LifecycleGroup] [stop] [476] Stopping beans in phase -2147483648 
23:30:52.750 [SpringApplicationShutdownHook] DEBUG o.s.c.s.DefaultLifecycleProcessor [org.springframework.context.support.DefaultLifecycleProcessor] [lambda$doStop$4] [348] Bean 'rabbitConnectionFactory' completed its stop procedure 
23:30:52.754 [SpringApplicationShutdownHook] DEBUG o.s.j.e.a.AnnotationMBeanExporter [org.springframework.jmx.export.MBeanExporter] [destroy] [468] Unregistering JMX-exposed beans on shutdown 
23:30:52.755 [SpringApplicationShutdownHook] DEBUG o.s.j.e.a.AnnotationMBeanExporter [org.springframework.jmx.support.MBeanRegistrationSupport] [unregisterBeans] [186] Unregistering JMX-exposed beans 
23:30:52.756 [SpringApplicationShutdownHook] DEBUG o.s.s.c.ThreadPoolTaskExecutor [org.springframework.scheduling.concurrent.ExecutorConfigurationSupport] [shutdown] [313] Shutting down ExecutorService 'applicationTaskExecutor' 
23:30:52.761 [SpringApplicationShutdownHook] INFO  o.s.o.j.LocalContainerEntityManagerFactoryBean [org.springframework.orm.jpa.AbstractEntityManagerFactoryBean] [destroy] [650] Closing JPA EntityManagerFactory for persistence unit 'default' 
23:30:52.763 [SpringApplicationShutdownHook] DEBUG o.h.internal.SessionFactoryImpl [org.hibernate.internal.SessionFactoryImpl] [close] [907] HHH000031: Closing 
23:30:52.769 [SpringApplicationShutdownHook] DEBUG o.h.type.spi.TypeConfiguration$Scope [org.hibernate.type.spi.TypeConfiguration$Scope] [unsetSessionFactory] [555] Un-scoping TypeConfiguration [org.hibernate.type.spi.TypeConfiguration$Scope@18f58cbc] from SessionFactory [org.hibernate.internal.SessionFactoryImpl@7878459f] 
23:30:52.770 [SpringApplicationShutdownHook] DEBUG o.h.s.i.AbstractServiceRegistryImpl [org.hibernate.service.internal.AbstractServiceRegistryImpl] [deRegisterChild] [414] Implicitly destroying ServiceRegistry on de-registration of all child ServiceRegistries 
23:30:52.774 [SpringApplicationShutdownHook] DEBUG o.h.b.r.i.BootstrapServiceRegistryImpl [org.hibernate.boot.registry.internal.BootstrapServiceRegistryImpl] [deRegisterChild] [298] Implicitly destroying Boot-strap registry on de-registration of all child ServiceRegistries 
23:30:52.776 [SpringApplicationShutdownHook] INFO  com.zaxxer.hikari.HikariDataSource [com.zaxxer.hikari.HikariDataSource] [close] [350] HikariPool-1 - Shutdown initiated... 
23:30:52.776 [SpringApplicationShutdownHook] DEBUG com.zaxxer.hikari.pool.HikariPool [com.zaxxer.hikari.pool.HikariPool] [logPoolState] [414] HikariPool-1 - Before shutdown stats (total=10, active=0, idle=10, waiting=0) 
23:30:52.779 [HikariPool-1 connection closer] DEBUG com.zaxxer.hikari.pool.PoolBase [com.zaxxer.hikari.pool.PoolBase] [quietlyCloseConnection] [132] HikariPool-1 - Closing connection com.mysql.cj.jdbc.ConnectionImpl@552bee2f: (connection evicted) 
23:30:52.795 [HikariPool-1 connection closer] DEBUG com.zaxxer.hikari.pool.PoolBase [com.zaxxer.hikari.pool.PoolBase] [quietlyCloseConnection] [132] HikariPool-1 - Closing connection com.mysql.cj.jdbc.ConnectionImpl@6ec30b83: (connection evicted) 
23:30:52.796 [HikariPool-1 connection closer] DEBUG com.zaxxer.hikari.pool.PoolBase [com.zaxxer.hikari.pool.PoolBase] [quietlyCloseConnection] [132] HikariPool-1 - Closing connection com.mysql.cj.jdbc.ConnectionImpl@2ffe01b8: (connection evicted) 
23:30:52.797 [HikariPool-1 connection closer] DEBUG com.zaxxer.hikari.pool.PoolBase [com.zaxxer.hikari.pool.PoolBase] [quietlyCloseConnection] [132] HikariPool-1 - Closing connection com.mysql.cj.jdbc.ConnectionImpl@1e9baf5b: (connection evicted) 
23:30:52.797 [HikariPool-1 connection closer] DEBUG com.zaxxer.hikari.pool.PoolBase [com.zaxxer.hikari.pool.PoolBase] [quietlyCloseConnection] [132] HikariPool-1 - Closing connection com.mysql.cj.jdbc.ConnectionImpl@4fd1fef7: (connection evicted) 
23:30:52.797 [HikariPool-1 connection closer] DEBUG com.zaxxer.hikari.pool.PoolBase [com.zaxxer.hikari.pool.PoolBase] [quietlyCloseConnection] [132] HikariPool-1 - Closing connection com.mysql.cj.jdbc.ConnectionImpl@758ef537: (connection evicted) 
23:30:52.798 [HikariPool-1 connection closer] DEBUG com.zaxxer.hikari.pool.PoolBase [com.zaxxer.hikari.pool.PoolBase] [quietlyCloseConnection] [132] HikariPool-1 - Closing connection com.mysql.cj.jdbc.ConnectionImpl@4b9f459f: (connection evicted) 
23:30:52.798 [HikariPool-1 connection closer] DEBUG com.zaxxer.hikari.pool.PoolBase [com.zaxxer.hikari.pool.PoolBase] [quietlyCloseConnection] [132] HikariPool-1 - Closing connection com.mysql.cj.jdbc.ConnectionImpl@1c6d3214: (connection evicted) 
23:30:52.798 [HikariPool-1 connection closer] DEBUG com.zaxxer.hikari.pool.PoolBase [com.zaxxer.hikari.pool.PoolBase] [quietlyCloseConnection] [132] HikariPool-1 - Closing connection com.mysql.cj.jdbc.ConnectionImpl@6f765388: (connection evicted) 
23:30:52.798 [HikariPool-1 connection closer] DEBUG com.zaxxer.hikari.pool.PoolBase [com.zaxxer.hikari.pool.PoolBase] [quietlyCloseConnection] [132] HikariPool-1 - Closing connection com.mysql.cj.jdbc.ConnectionImpl@46b741c3: (connection evicted) 
23:30:52.799 [SpringApplicationShutdownHook] DEBUG com.zaxxer.hikari.pool.HikariPool [com.zaxxer.hikari.pool.HikariPool] [logPoolState] [414] HikariPool-1 - After shutdown stats (total=0, active=0, idle=0, waiting=0) 
23:30:52.799 [SpringApplicationShutdownHook] INFO  com.zaxxer.hikari.HikariDataSource [com.zaxxer.hikari.HikariDataSource] [close] [352] HikariPool-1 - Shutdown completed. 
